This file contains any messages produced by compilers while
running configure, to aid debugging if configure makes a mistake.

It was created by alarm-clock configure 0.3.4, which was
generated by GNU Autoconf 2.69.  Invocation command line was

  $ ./configure 

## --------- ##
## Platform. ##
## --------- ##

hostname = mason-Surface-Pro-4
uname -m = x86_64
uname -r = 5.0.0-31-generic
uname -s = Linux
uname -v = #33~18.04.1-Ubuntu SMP Tue Oct 1 10:20:39 UTC 2019

/usr/bin/uname -p = unknown
/bin/uname -X     = unknown

/bin/arch              = unknown
/usr/bin/arch -k       = unknown
/usr/convex/getsysinfo = unknown
/usr/bin/hostinfo      = unknown
/bin/machine           = unknown
/usr/bin/oslevel       = unknown
/bin/universe          = unknown

PATH: /home/mason/anaconda3/condabin
PATH: /home/mason/.local/bin
PATH: /usr/local/sbin
PATH: /usr/local/bin
PATH: /usr/sbin
PATH: /usr/bin
PATH: /sbin
PATH: /bin
PATH: /usr/games
PATH: /usr/local/games
PATH: /snap/bin


## ----------- ##
## Core tests. ##
## ----------- ##

configure:2347: checking for a BSD-compatible install
configure:2415: result: /usr/bin/install -c
configure:2426: checking whether build environment is sane
configure:2481: result: yes
configure:2632: checking for a thread-safe mkdir -p
configure:2671: result: /bin/mkdir -p
configure:2678: checking for gawk
configure:2708: result: no
configure:2678: checking for mawk
configure:2694: found /usr/bin/mawk
configure:2705: result: mawk
configure:2716: checking whether make sets $(MAKE)
configure:2738: result: yes
configure:2767: checking whether make supports nested variables
configure:2784: result: yes
configure:2911: checking whether to enable maintainer-specific portions of Makefiles
configure:2920: result: yes
configure:2944: checking whether make supports nested variables
configure:2961: result: yes
configure:3037: checking for pkg-config
configure:3070: result: no
configure:3151: checking for gcc
configure:3167: found /usr/bin/gcc
configure:3178: result: gcc
configure:3407: checking for C compiler version
configure:3416: gcc --version >&5
gcc (Ubuntu 7.4.0-1ubuntu1~18.04.1) 7.4.0
Copyright (C) 2017 Free Software Foundation, Inc.
This is free software; see the source for copying conditions.  There is NO
warranty; not even for MERCHANTABILITY or FITNESS FOR A PARTICULAR PURPOSE.

configure:3427: $? = 0
configure:3416: gcc -v >&5
Using built-in specs.
COLLECT_GCC=gcc
COLLECT_LTO_WRAPPER=/usr/lib/gcc/x86_64-linux-gnu/7/lto-wrapper
OFFLOAD_TARGET_NAMES=nvptx-none
OFFLOAD_TARGET_DEFAULT=1
Target: x86_64-linux-gnu
Configured with: ../src/configure -v --with-pkgversion='Ubuntu 7.4.0-1ubuntu1~18.04.1' --with-bugurl=file:///usr/share/doc/gcc-7/README.Bugs --enable-languages=c,ada,c++,go,brig,d,fortran,objc,obj-c++ --prefix=/usr --with-gcc-major-version-only --program-suffix=-7 --program-prefix=x86_64-linux-gnu- --enable-shared --enable-linker-build-id --libexecdir=/usr/lib --without-included-gettext --enable-threads=posix --libdir=/usr/lib --enable-nls --with-sysroot=/ --enable-clocale=gnu --enable-libstdcxx-debug --enable-libstdcxx-time=yes --with-default-libstdcxx-abi=new --enable-gnu-unique-object --disable-vtable-verify --enable-libmpx --enable-plugin --enable-default-pie --with-system-zlib --with-target-system-zlib --enable-objc-gc=auto --enable-multiarch --disable-werror --with-arch-32=i686 --with-abi=m64 --with-multilib-list=m32,m64,mx32 --enable-multilib --with-tune=generic --enable-offload-targets=nvptx-none --without-cuda-driver --enable-checking=release --build=x86_64-linux-gnu --host=x86_64-linux-gnu --target=x86_64-linux-gnu
Thread model: posix
gcc version 7.4.0 (Ubuntu 7.4.0-1ubuntu1~18.04.1) 
configure:3427: $? = 0
configure:3416: gcc -V >&5
gcc: error: unrecognized command line option '-V'
gcc: fatal error: no input files
compilation terminated.
configure:3427: $? = 1
configure:3416: gcc -qversion >&5
gcc: error: unrecognized command line option '-qversion'; did you mean '--version'?
gcc: fatal error: no input files
compilation terminated.
configure:3427: $? = 1
configure:3447: checking whether the C compiler works
configure:3469: gcc    conftest.c  >&5
configure:3473: $? = 0
configure:3521: result: yes
configure:3524: checking for C compiler default output file name
configure:3526: result: a.out
configure:3532: checking for suffix of executables
configure:3539: gcc -o conftest    conftest.c  >&5
configure:3543: $? = 0
configure:3565: result: 
configure:3587: checking whether we are cross compiling
configure:3595: gcc -o conftest    conftest.c  >&5
configure:3599: $? = 0
configure:3606: ./conftest
configure:3610: $? = 0
configure:3625: result: no
configure:3630: checking for suffix of object files
configure:3652: gcc -c   conftest.c >&5
configure:3656: $? = 0
configure:3677: result: o
configure:3681: checking whether we are using the GNU C compiler
configure:3700: gcc -c   conftest.c >&5
configure:3700: $? = 0
configure:3709: result: yes
configure:3718: checking whether gcc accepts -g
configure:3738: gcc -c -g  conftest.c >&5
configure:3738: $? = 0
configure:3779: result: yes
configure:3796: checking for gcc option to accept ISO C89
configure:3859: gcc  -c -g -O2  conftest.c >&5
configure:3859: $? = 0
configure:3872: result: none needed
configure:3897: checking whether gcc understands -c and -o together
configure:3919: gcc -c conftest.c -o conftest2.o
configure:3922: $? = 0
configure:3919: gcc -c conftest.c -o conftest2.o
configure:3922: $? = 0
configure:3934: result: yes
configure:3962: checking for style of include used by make
configure:3990: result: GNU
configure:4016: checking dependency style of gcc
configure:4127: result: gcc3
configure:4161: checking whether to enable debugging
configure:4206: result: no
configure:4290: checking whether gcc understands -Wall
configure:4303: gcc -c -g -O2 -Wall  conftest.c >&5
configure:4303: $? = 0
configure:4310: result: yes
configure:4290: checking whether gcc understands -Wstrict-prototypes
configure:4303: gcc -c -g -O2 -Wstrict-prototypes  conftest.c >&5
conftest.c:14:1: warning: function declaration isn't a prototype [-Wstrict-prototypes]
 main ()
 ^~~~
configure:4303: $? = 0
configure:4310: result: yes
configure:4290: checking whether gcc understands -Wnested-externs
configure:4303: gcc -c -g -O2 -Wnested-externs  conftest.c >&5
configure:4303: $? = 0
configure:4310: result: yes
configure:4290: checking whether gcc understands -Werror=missing-prototypes
configure:4303: gcc -c -g -O2 -Werror=missing-prototypes  conftest.c >&5
configure:4303: $? = 0
configure:4310: result: yes
configure:4290: checking whether gcc understands -Werror=implicit-function-declaration
configure:4303: gcc -c -g -O2 -Werror=implicit-function-declaration  conftest.c >&5
configure:4303: $? = 0
configure:4310: result: yes
configure:4290: checking whether gcc understands -Werror=pointer-arith
configure:4303: gcc -c -g -O2 -Werror=pointer-arith  conftest.c >&5
configure:4303: $? = 0
configure:4310: result: yes
configure:4290: checking whether gcc understands -Werror=init-self
configure:4303: gcc -c -g -O2 -Werror=init-self  conftest.c >&5
configure:4303: $? = 0
configure:4310: result: yes
configure:4290: checking whether gcc understands -Werror=format-security
configure:4303: gcc -c -g -O2 -Werror=format-security  conftest.c >&5
configure:4303: $? = 0
configure:4310: result: yes
configure:4290: checking whether gcc understands -Werror=format=2
configure:4303: gcc -c -g -O2 -Werror=format=2  conftest.c >&5
configure:4303: $? = 0
configure:4310: result: yes
configure:4290: checking whether gcc understands -Werror=missing-include-dirs
configure:4303: gcc -c -g -O2 -Werror=missing-include-dirs  conftest.c >&5
configure:4303: $? = 0
configure:4310: result: yes
configure:4320: checking what warning flags to pass to the C compiler
configure:4322: result:  -Wall -Wstrict-prototypes -Wnested-externs -Werror=missing-prototypes -Werror=implicit-function-declaration -Werror=pointer-arith -Werror=init-self -Werror=format-security -Werror=format=2 -Werror=missing-include-dirs
configure:4333: checking what language compliance flags to pass to the C compiler
configure:4348: result: 
configure:4378: checking for BASE
configure:4446: result: no
configure:4448: error: in `/home/mason/Downloads/alarm-clock-applet-0.3.4':
configure:4450: error: The pkg-config script could not be found or is too old.  Make sure it
is in your PATH or set the PKG_CONFIG environment variable to the full
path to pkg-config.

Alternatively, you may set the environment variables BASE_CFLAGS
and BASE_LIBS to avoid the need to call pkg-config.
See the pkg-config man page for more details.

To get pkg-config, see <http://pkg-config.freedesktop.org/>.
See `config.log' for more details

## ---------------- ##
## Cache variables. ##
## ---------------- ##

ac_cv_c_compiler_gnu=yes
ac_cv_env_APP_INDICATOR_CFLAGS_set=
ac_cv_env_APP_INDICATOR_CFLAGS_value=
ac_cv_env_APP_INDICATOR_LIBS_set=
ac_cv_env_APP_INDICATOR_LIBS_value=
ac_cv_env_BASE_CFLAGS_set=
ac_cv_env_BASE_CFLAGS_value=
ac_cv_env_BASE_LIBS_set=
ac_cv_env_BASE_LIBS_value=
ac_cv_env_CC_set=
ac_cv_env_CC_value=
ac_cv_env_CFLAGS_set=
ac_cv_env_CFLAGS_value=
ac_cv_env_CPPFLAGS_set=
ac_cv_env_CPPFLAGS_value=
ac_cv_env_CPP_set=
ac_cv_env_CPP_value=
ac_cv_env_GNOME_CFLAGS_set=
ac_cv_env_GNOME_CFLAGS_value=
ac_cv_env_GNOME_LIBS_set=
ac_cv_env_GNOME_LIBS_value=
ac_cv_env_GSTREAMER_CFLAGS_set=
ac_cv_env_GSTREAMER_CFLAGS_value=
ac_cv_env_GSTREAMER_LIBS_set=
ac_cv_env_GSTREAMER_LIBS_value=
ac_cv_env_GTK_CFLAGS_set=
ac_cv_env_GTK_CFLAGS_value=
ac_cv_env_GTK_LIBS_set=
ac_cv_env_GTK_LIBS_value=
ac_cv_env_LDFLAGS_set=
ac_cv_env_LDFLAGS_value=
ac_cv_env_LIBNOTIFY_0_7_CFLAGS_set=
ac_cv_env_LIBNOTIFY_0_7_CFLAGS_value=
ac_cv_env_LIBNOTIFY_0_7_LIBS_set=
ac_cv_env_LIBNOTIFY_0_7_LIBS_value=
ac_cv_env_LIBS_set=
ac_cv_env_LIBS_value=
ac_cv_env_PKG_CONFIG_LIBDIR_set=
ac_cv_env_PKG_CONFIG_LIBDIR_value=
ac_cv_env_PKG_CONFIG_PATH_set=
ac_cv_env_PKG_CONFIG_PATH_value=
ac_cv_env_PKG_CONFIG_set=
ac_cv_env_PKG_CONFIG_value=
ac_cv_env_build_alias_set=
ac_cv_env_build_alias_value=
ac_cv_env_host_alias_set=
ac_cv_env_host_alias_value=
ac_cv_env_target_alias_set=
ac_cv_env_target_alias_value=
ac_cv_objext=o
ac_cv_path_install='/usr/bin/install -c'
ac_cv_path_mkdir=/bin/mkdir
ac_cv_prog_AWK=mawk
ac_cv_prog_ac_ct_CC=gcc
ac_cv_prog_cc_c89=
ac_cv_prog_cc_g=yes
ac_cv_prog_make_make_set=yes
am_cv_CC_dependencies_compiler_type=gcc3
am_cv_make_support_nested_variables=yes
am_cv_prog_cc_c_o=yes

## ----------------- ##
## Output variables. ##
## ----------------- ##

ACLOCAL='${SHELL} /home/mason/Downloads/alarm-clock-applet-0.3.4/missing aclocal-1.14'
ACLOCAL_AMFLAGS='${ACLOCAL_FLAGS}'
ALARM_CLOCK_MAJOR_VERSION='0'
ALARM_CLOCK_MICRO_VERSION='4'
ALARM_CLOCK_MINOR_VERSION='3'
ALL_LINGUAS=''
AMDEPBACKSLASH='\'
AMDEP_FALSE='#'
AMDEP_TRUE=''
AMTAR='$${TAR-tar}'
AM_BACKSLASH='\'
AM_DEFAULT_V='$(AM_DEFAULT_VERBOSITY)'
AM_DEFAULT_VERBOSITY='0'
AM_V='$(V)'
APP_INDICATOR_CFLAGS=''
APP_INDICATOR_LIBS=''
AUTOCONF='${SHELL} /home/mason/Downloads/alarm-clock-applet-0.3.4/missing autoconf'
AUTOHEADER='${SHELL} /home/mason/Downloads/alarm-clock-applet-0.3.4/missing autoheader'
AUTOMAKE='${SHELL} /home/mason/Downloads/alarm-clock-applet-0.3.4/missing automake-1.14'
AWK='mawk'
BASE_CFLAGS=''
BASE_LIBS=''
CATALOGS=''
CATOBJEXT=''
CC='gcc'
CCDEPMODE='depmode=gcc3'
CFLAGS='-g -O2'
CPP=''
CPPFLAGS=''
CYGPATH_W='echo'
DATADIRNAME=''
DEFS=''
DEPDIR='.deps'
DISABLE_DEPRECATED=' -DGCONF_DISABLE_DEPRECATED -DGCONF_DISABLE_SINGLE_INCLUDES -DBONOBO_DISABLE_DEPRECATED -DBONOBO_DISABLE_SINGLE_INCLUDES -DBONOBO_UI_DISABLE_DEPRECATED -DBONOBO_UI_DISABLE_SINGLE_INCLUDES -DGNOME_DISABLE_DEPRECATED -DGNOME_DISABLE_SINGLE_INCLUDES -DLIBGLADE_DISABLE_DEPRECATED -DLIBGLADE_DISABLE_SINGLE_INCLUDES -DGNOME_VFS_DISABLE_DEPRECATED -DGNOME_VFS_DISABLE_SINGLE_INCLUDES -DWNCK_DISABLE_DEPRECATED -DWNCK_DISABLE_SINGLE_INCLUDES -DLIBSOUP_DISABLE_DEPRECATED -DLIBSOUP_DISABLE_SINGLE_INCLUDES'
ECHO_C=''
ECHO_N='-n'
ECHO_T=''
EGREP=''
EXEEXT=''
GCONFTOOL=''
GCONF_SCHEMAS_INSTALL_FALSE=''
GCONF_SCHEMAS_INSTALL_TRUE=''
GCONF_SCHEMA_CONFIG_SOURCE=''
GCONF_SCHEMA_FILE_DIR=''
GETTEXT_PACKAGE=''
GMOFILES=''
GMSGFMT=''
GNOME_CFLAGS=''
GNOME_LIBS=''
GREP=''
GSTREAMER_CFLAGS=''
GSTREAMER_LIBS=''
GTK_CFLAGS=''
GTK_LIBS=''
HAVE_APP_INDICATOR_FALSE=''
HAVE_APP_INDICATOR_TRUE=''
HAVE_LIBNOTIFY_0_7_FALSE=''
HAVE_LIBNOTIFY_0_7_TRUE=''
INSTALL_DATA='${INSTALL} -m 644'
INSTALL_PROGRAM='${INSTALL}'
INSTALL_SCRIPT='${INSTALL}'
INSTALL_STRIP_PROGRAM='$(install_sh) -c -s'
INSTOBJEXT=''
INTLLIBS=''
INTLTOOL_CAVES_RULE=''
INTLTOOL_DESKTOP_RULE=''
INTLTOOL_DIRECTORY_RULE=''
INTLTOOL_EXTRACT=''
INTLTOOL_KBD_RULE=''
INTLTOOL_KEYS_RULE=''
INTLTOOL_MERGE=''
INTLTOOL_OAF_RULE=''
INTLTOOL_PERL=''
INTLTOOL_POLICY_RULE=''
INTLTOOL_PONG_RULE=''
INTLTOOL_PROP_RULE=''
INTLTOOL_SCHEMAS_RULE=''
INTLTOOL_SERVER_RULE=''
INTLTOOL_SERVICE_RULE=''
INTLTOOL_SHEET_RULE=''
INTLTOOL_SOUNDLIST_RULE=''
INTLTOOL_THEME_RULE=''
INTLTOOL_UI_RULE=''
INTLTOOL_UPDATE=''
INTLTOOL_V_MERGE=''
INTLTOOL_V_MERGE_OPTIONS=''
INTLTOOL_XAM_RULE=''
INTLTOOL_XML_NOMERGE_RULE=''
INTLTOOL_XML_RULE=''
INTLTOOL__v_MERGE_0=''
INTLTOOL__v_MERGE_=''
LDFLAGS=''
LIBNOTIFY_0_7_CFLAGS=''
LIBNOTIFY_0_7_LIBS=''
LIBOBJS=''
LIBS=''
LTLIBOBJS=''
MAINT=''
MAINTAINER_MODE_FALSE='#'
MAINTAINER_MODE_TRUE=''
MAKEINFO='${SHELL} /home/mason/Downloads/alarm-clock-applet-0.3.4/missing makeinfo'
MKDIR_P='/bin/mkdir -p'
MKINSTALLDIRS=''
MSGFMT=''
MSGFMT_OPTS=''
MSGMERGE=''
OBJEXT='o'
PACKAGE='alarm-clock-applet'
PACKAGE_BUGREPORT='https://bugs.launchpad.net/alarm-clock'
PACKAGE_NAME='alarm-clock'
PACKAGE_STRING='alarm-clock 0.3.4'
PACKAGE_TARNAME='alarm-clock-applet'
PACKAGE_URL=''
PACKAGE_VERSION='0.3.4'
PATH_SEPARATOR=':'
PKG_CONFIG=''
PKG_CONFIG_LIBDIR=''
PKG_CONFIG_PATH=''
POFILES=''
POSUB=''
PO_IN_DATADIR_FALSE=''
PO_IN_DATADIR_TRUE=''
SET_MAKE=''
SHELL='/bin/bash'
STRIP=''
USE_NLS=''
VERSION='0.3.4'
WARN_CFLAGS=' -Wall -Wstrict-prototypes -Wnested-externs -Werror=missing-prototypes -Werror=implicit-function-declaration -Werror=pointer-arith -Werror=init-self -Werror=format-security -Werror=format=2 -Werror=missing-include-dirs '
XGETTEXT=''
ac_ct_CC='gcc'
am__EXEEXT_FALSE=''
am__EXEEXT_TRUE=''
am__fastdepCC_FALSE='#'
am__fastdepCC_TRUE=''
am__include='include'
am__isrc=''
am__leading_dot='.'
am__nodep='_no'
am__quote=''
am__tar='$${TAR-tar} chof - "$$tardir"'
am__untar='$${TAR-tar} xf -'
bindir='${exec_prefix}/bin'
build_alias=''
datadir='${datarootdir}'
datarootdir='${prefix}/share'
docdir='${datarootdir}/doc/${PACKAGE_TARNAME}'
dvidir='${docdir}'
exec_prefix='NONE'
host_alias=''
htmldir='${docdir}'
includedir='${prefix}/include'
infodir='${datarootdir}/info'
install_sh='${SHELL} /home/mason/Downloads/alarm-clock-applet-0.3.4/install-sh'
intltool__v_merge_options_0=''
intltool__v_merge_options_=''
libdir='${exec_prefix}/lib'
libexecdir='${exec_prefix}/libexec'
localedir='${datarootdir}/locale'
localstatedir='${prefix}/var'
mandir='${datarootdir}/man'
mkdir_p='$(MKDIR_P)'
oldincludedir='/usr/include'
pdfdir='${docdir}'
prefix='NONE'
program_transform_name='s,x,x,'
psdir='${docdir}'
sbindir='${exec_prefix}/sbin'
sharedstatedir='${prefix}/com'
sysconfdir='${prefix}/etc'
target_alias=''

## ----------- ##
## confdefs.h. ##
## ----------- ##

/* confdefs.h */
#define PACKAGE_NAME "alarm-clock"
#define PACKAGE_TARNAME "alarm-clock-applet"
#define PACKAGE_VERSION "0.3.4"
#define PACKAGE_STRING "alarm-clock 0.3.4"
#define PACKAGE_BUGREPORT "https://bugs.launchpad.net/alarm-clock"
#define PACKAGE_URL ""
#define PACKAGE "alarm-clock-applet"
#define VERSION "0.3.4"
#define NDEBUG /**/

configure: exit 1
